# JRE version: Java(TM) SE Runtime Environment (8.0_45-b15) (build 1.8.0_45-b15)
# Java VM: Java HotSpot(TM) 64-Bit Server VM (25.45-b02 mixed mode windows-amd64 compressed oops)
Heap:
 par new generation   total 306688K, used 83636K [0x0000000080000000, 0x0000000094cc0000, 0x0000000094cc0000)
  eden space 272640K,  25% used [0x0000000080000000, 0x00000000844423e8, 0x0000000090a40000)
  from space 34048K,  40% used [0x0000000090a40000, 0x00000000917aace0, 0x0000000092b80000)
  to   space 34048K,   0% used [0x0000000092b80000, 0x0000000092b80000, 0x0000000094cc0000)
 concurrent mark-sweep generation total 1756416K, used 82390K [0x0000000094cc0000, 0x0000000100000000, 0x0000000100000000)
 Metaspace       used 30400K, capacity 30685K, committed 31104K, reserved 1077248K
  class space    used 3804K, capacity 3890K, committed 3968K, reserved 1048576K
GC Heap History (10 events):
Event: 16.511 GC heap before
{Heap before GC invocations=2 (full 2):
 par new generation   total 306688K, used 296230K [0x0000000080000000, 0x0000000094cc0000, 0x0000000094cc0000)
  eden space 272640K, 100% used [0x0000000080000000, 0x0000000090a40000, 0x0000000090a40000)
  from space 34048K,  69% used [0x0000000092b80000, 0x0000000094289b08, 0x0000000094cc0000)
  to   space 34048K,   0% used [0x0000000090a40000, 0x0000000090a40000, 0x0000000092b80000)
 concurrent mark-sweep generation total 1756416K, used 2598K [0x0000000094cc0000, 0x0000000100000000, 0x0000000100000000)
 Metaspace       used 24511K, capacity 24813K, committed 25216K, reserved 1071104K
  class space    used 3022K, capacity 3112K, committed 3200K, reserved 1048576K
Event: 16.573 GC heap after
Heap after GC invocations=3 (full 2):
 par new generation   total 306688K, used 14289K [0x0000000080000000, 0x0000000094cc0000, 0x0000000094cc0000)
  eden space 272640K,   0% used [0x0000000080000000, 0x0000000080000000, 0x0000000090a40000)
  from space 34048K,  41% used [0x0000000090a40000, 0x00000000918347a8, 0x0000000092b80000)
  to   space 34048K,   0% used [0x0000000092b80000, 0x0000000092b80000, 0x0000000094cc0000)
 concurrent mark-sweep generation total 1756416K, used 22546K [0x0000000094cc0000, 0x0000000100000000, 0x0000000100000000)
 Metaspace       used 24511K, capacity 24813K, committed 25216K, reserved 1071104K
  class space    used 3022K, capacity 3112K, committed 3200K, reserved 1048576K
}
Event: 23.828 GC heap before
{Heap before GC invocations=3 (full 3):
 par new generation   total 306688K, used 286929K [0x0000000080000000, 0x0000000094cc0000, 0x0000000094cc0000)
  eden space 272640K, 100% used [0x0000000080000000, 0x0000000090a40000, 0x0000000090a40000)
  from space 34048K,  41% used [0x0000000090a40000, 0x00000000918347a8, 0x0000000092b80000)
  to   space 34048K,   0% used [0x0000000092b80000, 0x0000000092b80000, 0x0000000094cc0000)
 concurrent mark-sweep generation total 1756416K, used 22546K [0x0000000094cc0000, 0x0000000100000000, 0x0000000100000000)
 Metaspace       used 25623K, capacity 25779K, committed 25984K, reserved 1073152K
  class space    used 3117K, capacity 3177K, committed 3200K, reserved 1048576K
Event: 23.886 GC heap after
Heap after GC invocations=4 (full 3):
 par new generation   total 306688K, used 34047K [0x0000000080000000, 0x0000000094cc0000, 0x0000000094cc0000)
  eden space 272640K,   0% used [0x0000000080000000, 0x0000000080000000, 0x0000000090a40000)
  from space 34048K,  99% used [0x0000000092b80000, 0x0000000094cbfff8, 0x0000000094cc0000)
  to   space 34048K,   0% used [0x0000000090a40000, 0x0000000090a40000, 0x0000000092b80000)
 concurrent mark-sweep generation total 1756416K, used 23255K [0x0000000094cc0000, 0x0000000100000000, 0x0000000100000000)
 Metaspace       used 25623K, capacity 25779K, committed 25984K, reserved 1073152K
  class space    used 3117K, capacity 3177K, committed 3200K, reserved 1048576K
}
Event: 27.927 GC heap before
{Heap before GC invocations=4 (full 3):
 par new generation   total 306688K, used 306687K [0x0000000080000000, 0x0000000094cc0000, 0x0000000094cc0000)
  eden space 272640K, 100% used [0x0000000080000000, 0x0000000090a40000, 0x0000000090a40000)
  from space 34048K,  99% used [0x0000000092b80000, 0x0000000094cbfff8, 0x0000000094cc0000)
  to   space 34048K,   0% used [0x0000000090a40000, 0x0000000090a40000, 0x0000000092b80000)
 concurrent mark-sweep generation total 1756416K, used 23255K [0x0000000094cc0000, 0x0000000100000000, 0x0000000100000000)
 Metaspace       used 25671K, capacity 25907K, committed 26240K, reserved 1073152K
  class space    used 3117K, capacity 3177K, committed 3200K, reserved 1048576K
Event: 28.026 GC heap after
Heap after GC invocations=5 (full 3):
 par new generation   total 306688K, used 34047K [0x0000000080000000, 0x0000000094cc0000, 0x0000000094cc0000)
  eden space 272640K,   0% used [0x0000000080000000, 0x0000000080000000, 0x0000000090a40000)
  from space 34048K,  99% used [0x0000000090a40000, 0x0000000092b7fff8, 0x0000000092b80000)
  to   space 34048K,   0% used [0x0000000092b80000, 0x0000000092b80000, 0x0000000094cc0000)
 concurrent mark-sweep generation total 1756416K, used 68807K [0x0000000094cc0000, 0x0000000100000000, 0x0000000100000000)
 Metaspace       used 25671K, capacity 25907K, committed 26240K, reserved 1073152K
  class space    used 3117K, capacity 3177K, committed 3200K, reserved 1048576K
}
Event: 35.408 GC heap before
{Heap before GC invocations=5 (full 3):
 par new generation   total 306688K, used 297761K [0x0000000080000000, 0x0000000094cc0000, 0x0000000094cc0000)
  eden space 272640K,  96% used [0x0000000080000000, 0x0000000090188688, 0x0000000090a40000)
  from space 34048K,  99% used [0x0000000090a40000, 0x0000000092b7fff8, 0x0000000092b80000)
  to   space 34048K,   0% used [0x0000000092b80000, 0x0000000092b80000, 0x0000000094cc0000)
 concurrent mark-sweep generation total 1756416K, used 68688K [0x0000000094cc0000, 0x0000000100000000, 0x0000000100000000)
 Metaspace       used 28886K, capacity 29085K, committed 29312K, reserved 1075200K
  class space    used 3616K, capacity 3698K, committed 3712K, reserved 1048576K
Event: 35.439 GC heap after
Heap after GC invocations=6 (full 3):
 par new generation   total 306688K, used 18599K [0x0000000080000000, 0x0000000094cc0000, 0x0000000094cc0000)
  eden space 272640K,   0% used [0x0000000080000000, 0x0000000080000000, 0x0000000090a40000)
  from space 34048K,  54% used [0x0000000092b80000, 0x0000000093da9c90, 0x0000000094cc0000)
  to   space 34048K,   0% used [0x0000000090a40000, 0x0000000090a40000, 0x0000000092b80000)
 concurrent mark-sweep generation total 1756416K, used 82390K [0x0000000094cc0000, 0x0000000100000000, 0x0000000100000000)
 Metaspace       used 28886K, capacity 29085K, committed 29312K, reserved 1075200K
  class space    used 3616K, capacity 3698K, committed 3712K, reserved 1048576K
}
Event: 38.274 GC heap before
{Heap before GC invocations=6 (full 3):
 par new generation   total 306688K, used 289105K [0x0000000080000000, 0x0000000094cc0000, 0x0000000094cc0000)
  eden space 272640K,  99% used [0x0000000080000000, 0x000000009082ab08, 0x0000000090a40000)
  from space 34048K,  54% used [0x0000000092b80000, 0x0000000093da9c90, 0x0000000094cc0000)
  to   space 34048K,   0% used [0x0000000090a40000, 0x0000000090a40000, 0x0000000092b80000)
 concurrent mark-sweep generation total 1756416K, used 82390K [0x0000000094cc0000, 0x0000000100000000, 0x0000000100000000)
 Metaspace       used 30378K, capacity 30621K, committed 30848K, reserved 1077248K
  class space    used 3804K, capacity 3890K, committed 3968K, reserved 1048576K
Event: 38.294 GC heap after
Heap after GC invocations=7 (full 3):
 par new generation   total 306688K, used 13739K [0x0000000080000000, 0x0000000094cc0000, 0x0000000094cc0000)
  eden space 272640K,   0% used [0x0000000080000000, 0x0000000080000000, 0x0000000090a40000)
  from space 34048K,  40% used [0x0000000090a40000, 0x00000000917aace0, 0x0000000092b80000)
  to   space 34048K,   0% used [0x0000000092b80000, 0x0000000092b80000, 0x0000000094cc0000)
 concurrent mark-sweep generation total 1756416K, used 82390K [0x0000000094cc0000, 0x0000000100000000, 0x0000000100000000)
 Metaspace       used 30378K, capacity 30621K, committed 30848K, reserved 1077248K
  class space    used 3804K, capacity 3890K, committed 3968K, reserved 1048576K
}

