# JRE version: Java(TM) SE Runtime Environment (8.0_45-b15) (build 1.8.0_45-b15)
# Java VM: Java HotSpot(TM) 64-Bit Server VM (25.45-b02 mixed mode windows-amd64 compressed oops)
Heap:
 par new generation   total 306688K, used 229800K [0x0000000080000000, 0x0000000094cc0000, 0x0000000094cc0000)
  eden space 272640K,  71% used [0x0000000080000000, 0x000000008bf2a088, 0x0000000090a40000)
  from space 34048K, 100% used [0x0000000090a40000, 0x0000000092b80000, 0x0000000092b80000)
  to   space 34048K,   0% used [0x0000000092b80000, 0x0000000092b80000, 0x0000000094cc0000)
 concurrent mark-sweep generation total 1756416K, used 60036K [0x0000000094cc0000, 0x0000000100000000, 0x0000000100000000)
 Metaspace       used 28656K, capacity 28893K, committed 29056K, reserved 1075200K
  class space    used 3592K, capacity 3698K, committed 3712K, reserved 1048576K
GC Heap History (10 events):
Event: 1.694 GC heap before
{Heap before GC invocations=0 (full 0):
 par new generation   total 306688K, used 60301K [0x0000000080000000, 0x0000000094cc0000, 0x0000000094cc0000)
  eden space 272640K,  22% used [0x0000000080000000, 0x0000000083ae3610, 0x0000000090a40000)
  from space 34048K,   0% used [0x0000000090a40000, 0x0000000090a40000, 0x0000000092b80000)
  to   space 34048K,   0% used [0x0000000092b80000, 0x0000000092b80000, 0x0000000094cc0000)
 concurrent mark-sweep generation total 1756416K, used 0K [0x0000000094cc0000, 0x0000000100000000, 0x0000000100000000)
 Metaspace       used 10284K, capacity 10388K, committed 10496K, reserved 1058816K
  class space    used 1217K, capacity 1237K, committed 1280K, reserved 1048576K
Event: 1.744 GC heap after
Heap after GC invocations=1 (full 1):
 par new generation   total 306688K, used 0K [0x0000000080000000, 0x0000000094cc0000, 0x0000000094cc0000)
  eden space 272640K,   0% used [0x0000000080000000, 0x0000000080000000, 0x0000000090a40000)
  from space 34048K,   0% used [0x0000000090a40000, 0x0000000090a40000, 0x0000000092b80000)
  to   space 34048K,   0% used [0x0000000092b80000, 0x0000000092b80000, 0x0000000094cc0000)
 concurrent mark-sweep generation total 1756416K, used 5814K [0x0000000094cc0000, 0x0000000100000000, 0x0000000100000000)
 Metaspace       used 10284K, capacity 10388K, committed 10496K, reserved 1058816K
  class space    used 1217K, capacity 1237K, committed 1280K, reserved 1048576K
}
Event: 7.529 GC heap before
{Heap before GC invocations=1 (full 2):
 par new generation   total 306688K, used 272640K [0x0000000080000000, 0x0000000094cc0000, 0x0000000094cc0000)
  eden space 272640K, 100% used [0x0000000080000000, 0x0000000090a40000, 0x0000000090a40000)
  from space 34048K,   0% used [0x0000000090a40000, 0x0000000090a40000, 0x0000000092b80000)
  to   space 34048K,   0% used [0x0000000092b80000, 0x0000000092b80000, 0x0000000094cc0000)
 concurrent mark-sweep generation total 1756416K, used 5814K [0x0000000094cc0000, 0x0000000100000000, 0x0000000100000000)
 Metaspace       used 17265K, capacity 17438K, committed 17792K, reserved 1064960K
  class space    used 2033K, capacity 2112K, committed 2176K, reserved 1048576K
Event: 7.552 GC heap after
Heap after GC invocations=2 (full 2):
 par new generation   total 306688K, used 23270K [0x0000000080000000, 0x0000000094cc0000, 0x0000000094cc0000)
  eden space 272640K,   0% used [0x0000000080000000, 0x0000000080000000, 0x0000000090a40000)
  from space 34048K,  68% used [0x0000000092b80000, 0x0000000094239a08, 0x0000000094cc0000)
  to   space 34048K,   0% used [0x0000000090a40000, 0x0000000090a40000, 0x0000000092b80000)
 concurrent mark-sweep generation total 1756416K, used 5814K [0x0000000094cc0000, 0x0000000100000000, 0x0000000100000000)
 Metaspace       used 17265K, capacity 17438K, committed 17792K, reserved 1064960K
  class space    used 2033K, capacity 2112K, committed 2176K, reserved 1048576K
}
Event: 11.529 GC heap before
{Heap before GC invocations=2 (full 2):
 par new generation   total 306688K, used 295910K [0x0000000080000000, 0x0000000094cc0000, 0x0000000094cc0000)
  eden space 272640K, 100% used [0x0000000080000000, 0x0000000090a40000, 0x0000000090a40000)
  from space 34048K,  68% used [0x0000000092b80000, 0x0000000094239a08, 0x0000000094cc0000)
  to   space 34048K,   0% used [0x0000000090a40000, 0x0000000090a40000, 0x0000000092b80000)
 concurrent mark-sweep generation total 1756416K, used 2597K [0x0000000094cc0000, 0x0000000100000000, 0x0000000100000000)
 Metaspace       used 24387K, capacity 24589K, committed 24960K, reserved 1071104K
  class space    used 3005K, capacity 3080K, committed 3200K, reserved 1048576K
Event: 11.583 GC heap after
Heap after GC invocations=3 (full 2):
 par new generation   total 306688K, used 15811K [0x0000000080000000, 0x0000000094cc0000, 0x0000000094cc0000)
  eden space 272640K,   0% used [0x0000000080000000, 0x0000000080000000, 0x0000000090a40000)
  from space 34048K,  46% used [0x0000000090a40000, 0x00000000919b0fa0, 0x0000000092b80000)
  to   space 34048K,   0% used [0x0000000092b80000, 0x0000000092b80000, 0x0000000094cc0000)
 concurrent mark-sweep generation total 1756416K, used 22387K [0x0000000094cc0000, 0x0000000100000000, 0x0000000100000000)
 Metaspace       used 24387K, capacity 24589K, committed 24960K, reserved 1071104K
  class space    used 3005K, capacity 3080K, committed 3200K, reserved 1048576K
}
Event: 16.583 GC heap before
{Heap before GC invocations=3 (full 3):
 par new generation   total 306688K, used 288451K [0x0000000080000000, 0x0000000094cc0000, 0x0000000094cc0000)
  eden space 272640K, 100% used [0x0000000080000000, 0x0000000090a40000, 0x0000000090a40000)
  from space 34048K,  46% used [0x0000000090a40000, 0x00000000919b0fa0, 0x0000000092b80000)
  to   space 34048K,   0% used [0x0000000092b80000, 0x0000000092b80000, 0x0000000094cc0000)
 concurrent mark-sweep generation total 1756416K, used 22387K [0x0000000094cc0000, 0x0000000100000000, 0x0000000100000000)
 Metaspace       used 25637K, capacity 25843K, committed 25984K, reserved 1073152K
  class space    used 3115K, capacity 3177K, committed 3200K, reserved 1048576K
Event: 16.616 GC heap after
Heap after GC invocations=4 (full 3):
 par new generation   total 306688K, used 32785K [0x0000000080000000, 0x0000000094cc0000, 0x0000000094cc0000)
  eden space 272640K,   0% used [0x0000000080000000, 0x0000000080000000, 0x0000000090a40000)
  from space 34048K,  96% used [0x0000000092b80000, 0x0000000094b847a0, 0x0000000094cc0000)
  to   space 34048K,   0% used [0x0000000090a40000, 0x0000000090a40000, 0x0000000092b80000)
 concurrent mark-sweep generation total 1756416K, used 22387K [0x0000000094cc0000, 0x0000000100000000, 0x0000000100000000)
 Metaspace       used 25637K, capacity 25843K, committed 25984K, reserved 1073152K
  class space    used 3115K, capacity 3177K, committed 3200K, reserved 1048576K
}
Event: 20.382 GC heap before
{Heap before GC invocations=4 (full 3):
 par new generation   total 306688K, used 305425K [0x0000000080000000, 0x0000000094cc0000, 0x0000000094cc0000)
  eden space 272640K, 100% used [0x0000000080000000, 0x0000000090a40000, 0x0000000090a40000)
  from space 34048K,  96% used [0x0000000092b80000, 0x0000000094b847a0, 0x0000000094cc0000)
  to   space 34048K,   0% used [0x0000000090a40000, 0x0000000090a40000, 0x0000000092b80000)
 concurrent mark-sweep generation total 1756416K, used 22387K [0x0000000094cc0000, 0x0000000100000000, 0x0000000100000000)
 Metaspace       used 25684K, capacity 25907K, committed 26240K, reserved 1073152K
  class space    used 3116K, capacity 3177K, committed 3200K, reserved 1048576K
Event: 20.467 GC heap after
Heap after GC invocations=5 (full 3):
 par new generation   total 306688K, used 34048K [0x0000000080000000, 0x0000000094cc0000, 0x0000000094cc0000)
  eden space 272640K,   0% used [0x0000000080000000, 0x0000000080000000, 0x0000000090a40000)
  from space 34048K, 100% used [0x0000000090a40000, 0x0000000092b80000, 0x0000000092b80000)
  to   space 34048K,   0% used [0x0000000092b80000, 0x0000000092b80000, 0x0000000094cc0000)
 concurrent mark-sweep generation total 1756416K, used 60154K [0x0000000094cc0000, 0x0000000100000000, 0x0000000100000000)
 Metaspace       used 25684K, capacity 25907K, committed 26240K, reserved 1073152K
  class space    used 3116K, capacity 3177K, committed 3200K, reserved 1048576K
}

